Using pre-set license
Built from '2022.3/staging' branch; Version is '2022.3.14f1 (eff2de9070d8) revision 15725278'; Using compiler version '192829333'; Build Type 'Release'
OS: 'Windows 11  (10.0.22631) 64bit Professional' Language: 'ko' Physical Memory: 16316 MB
BatchMode: 1, IsHumanControllingUs: 0, StartBugReporterOnCrash: 0, Is64bit: 1, IsPro: 1

COMMAND LINE ARGUMENTS:
C:\Program Files\Unity\Hub\Editor\2022.3.14f1\Editor\Unity.exe
-adb2
-batchMode
-noUpm
-name
AssetImportWorker2
-projectPath
C:/Users/A/Desktop/Photon-Network/Photon Server
-logFile
Logs/AssetImportWorker2.log
-srvPort
1596
Successfully changed project path to: C:/Users/A/Desktop/Photon-Network/Photon Server
C:/Users/A/Desktop/Photon-Network/Photon Server
[UnityMemory] Configuration Parameters - Can be set up in boot.config
    "memorysetup-bucket-allocator-granularity=16"
    "memorysetup-bucket-allocator-bucket-count=8"
    "memorysetup-bucket-allocator-block-size=33554432"
    "memorysetup-bucket-allocator-block-count=8"
    "memorysetup-main-allocator-block-size=16777216"
    "memorysetup-thread-allocator-block-size=16777216"
    "memorysetup-gfx-main-allocator-block-size=16777216"
    "memorysetup-gfx-thread-allocator-block-size=16777216"
    "memorysetup-cache-allocator-block-size=4194304"
    "memorysetup-typetree-allocator-block-size=2097152"
    "memorysetup-profiler-bucket-allocator-granularity=16"
    "memorysetup-profiler-bucket-allocator-bucket-count=8"
    "memorysetup-profiler-bucket-allocator-block-size=33554432"
    "memorysetup-profiler-bucket-allocator-block-count=8"
    "memorysetup-profiler-allocator-block-size=16777216"
    "memorysetup-profiler-editor-allocator-block-size=1048576"
    "memorysetup-temp-allocator-size-main=16777216"
    "memorysetup-job-temp-allocator-block-size=2097152"
    "memorysetup-job-temp-allocator-block-size-background=1048576"
    "memorysetup-job-temp-allocator-reduction-small-platforms=262144"
    "memorysetup-allocator-temp-initial-block-size-main=262144"
    "memorysetup-allocator-temp-initial-block-size-worker=262144"
    "memorysetup-temp-allocator-size-background-worker=32768"
    "memorysetup-temp-allocator-size-job-worker=262144"
    "memorysetup-temp-allocator-size-preload-manager=33554432"
    "memorysetup-temp-allocator-size-nav-mesh-worker=65536"
    "memorysetup-temp-allocator-size-audio-worker=65536"
    "memorysetup-temp-allocator-size-cloud-worker=32768"
    "memorysetup-temp-allocator-size-gi-baking-worker=262144"
    "memorysetup-temp-allocator-size-gfx=262144"
Player connection [1144] Host "[IP] 192.168.219.101 [Port] 0 [Flags] 2 [Guid] 1597600622 [EditorId] 1597600622 [Version] 1048832 [Id] WindowsEditor(7,i3-6100) [Debug] 1 [PackageName] WindowsEditor [ProjectName] Editor" joined multi-casting on [225.0.0.222:54997]...

Player connection [1144] Host "[IP] 192.168.219.101 [Port] 0 [Flags] 2 [Guid] 1597600622 [EditorId] 1597600622 [Version] 1048832 [Id] WindowsEditor(7,i3-6100) [Debug] 1 [PackageName] WindowsEditor [ProjectName] Editor" joined alternative multi-casting on [225.0.0.222:34997]...

[Physics::Module] Initialized MultithreadedJobDispatcher with 11 workers.
Refreshing native plugins compatible for Editor in 34.07 ms, found 3 plugins.
Preloading 0 native plugins for Editor in 0.00 ms.
Initialize engine version: 2022.3.14f1 (eff2de9070d8)
[Subsystems] Discovering subsystems at path C:/Program Files/Unity/Hub/Editor/2022.3.14f1/Editor/Data/Resources/UnitySubsystems
[Subsystems] Discovering subsystems at path C:/Users/A/Desktop/Photon-Network/Photon Server/Assets
GfxDevice: creating device client; threaded=0; jobified=0
Direct3D:
    Version:  Direct3D 11.0 [level 11.1]
    Renderer: NVIDIA GeForce GTX 1660 SUPER (ID=0x21c4)
    Vendor:   NVIDIA
    VRAM:     5966 MB
    Driver:   31.0.15.5123
Initialize mono
Mono path[0] = 'C:/Program Files/Unity/Hub/Editor/2022.3.14f1/Editor/Data/Managed'
Mono path[1] = 'C:/Program Files/Unity/Hub/Editor/2022.3.14f1/Editor/Data/MonoBleedingEdge/lib/mono/unityjit-win32'
Mono config path = 'C:/Program Files/Unity/Hub/Editor/2022.3.14f1/Editor/Data/MonoBleedingEdge/etc'
Using monoOptions --debugger-agent=transport=dt_socket,embedding=1,server=y,suspend=n,address=127.0.0.1:56224
Begin MonoManager ReloadAssembly
Registering precompiled unity dll's ...
Register platform support module: C:/Program Files/Unity/Hub/Editor/2022.3.14f1/Editor/Data/PlaybackEngines/WebGLSupport/UnityEditor.WebGL.Extensions.dll
Register platform support module: C:/Program Files/Unity/Hub/Editor/2022.3.14f1/Editor/Data/PlaybackEngines/AndroidPlayer/UnityEditor.Android.Extensions.dll
Register platform support module: C:/Program Files/Unity/Hub/Editor/2022.3.14f1/Editor/Data/PlaybackEngines/WindowsStandaloneSupport/UnityEditor.WindowsStandalone.Extensions.dll
Register platform support module: C:/Program Files/Unity/Hub/Editor/2022.3.14f1/Editor/Data/PlaybackEngines/MetroSupport/UnityEditor.UWP.Extensions.dll
Registered in 0.036897 seconds.
- Loaded All Assemblies, in  0.536 seconds
Native extension for UWP target not found
Native extension for WindowsStandalone target not found
Native extension for Android target not found
Android Extension - Scanning For ADB Devices 2347 ms
Native extension for WebGL target not found
Mono: successfully reloaded assembly
- Finished resetting the current domain, in  2.705 seconds
Domain Reload Profiling: 3235ms
	BeginReloadAssembly (175ms)
		ExecutionOrderSort (0ms)
		DisableScriptedObjects (0ms)
		BackupInstance (0ms)
		ReleaseScriptingObjects (0ms)
		CreateAndSetChildDomain (1ms)
	RebuildCommonClasses (42ms)
	RebuildNativeTypeToScriptingClass (12ms)
	initialDomainReloadingComplete (107ms)
	LoadAllAssembliesAndSetupDomain (193ms)
		LoadAssemblies (172ms)
		RebuildTransferFunctionScriptingTraits (0ms)
		AnalyzeDomain (187ms)
			TypeCache.Refresh (186ms)
				TypeCache.ScanAssembly (171ms)
			ScanForSourceGeneratedMonoScriptInfo (0ms)
			ResolveRequiredComponents (1ms)
	FinalizeReload (2705ms)
		ReleaseScriptCaches (0ms)
		RebuildScriptCaches (0ms)
		SetupLoadedEditorAssemblies (2641ms)
			LogAssemblyErrors (0ms)
			InitializePlatformSupportModulesInManaged (2478ms)
			SetLoadedEditorAssemblies (4ms)
			RefreshPlugins (0ms)
			BeforeProcessingInitializeOnLoad (2ms)
			ProcessInitializeOnLoadAttributes (102ms)
			ProcessInitializeOnLoadMethodAttributes (55ms)
			AfterProcessingInitializeOnLoad (0ms)
			EditorAssembliesLoaded (0ms)
		ExecutionOrderSort2 (0ms)
		AwakeInstancesAfterBackupRestoration (0ms)
========================================================================
Worker process is ready to serve import requests
Begin MonoManager ReloadAssembly
- Loaded All Assemblies, in  1.180 seconds
Refreshing native plugins compatible for Editor in 14.92 ms, found 3 plugins.
Native extension for UWP target not found
Native extension for WindowsStandalone target not found
Native extension for Android target not found
Native extension for WebGL target not found
Package Manager log level set to [2]
[Package Manager] Server::EnsureServerProcessIsRunning -- launch failed, reason: Unity was launched with the -noUpm command-line argument
[Package Manager] UpmClient::Send -- Unable to send message (not connected to UPM process).
[Package Manager] Cannot connect to Unity Package Manager local server
Mono: successfully reloaded assembly
- Finished resetting the current domain, in  1.079 seconds
Domain Reload Profiling: 2247ms
	BeginReloadAssembly (243ms)
		ExecutionOrderSort (0ms)
		DisableScriptedObjects (8ms)
		BackupInstance (0ms)
		ReleaseScriptingObjects (0ms)
		CreateAndSetChildDomain (22ms)
	RebuildCommonClasses (48ms)
	RebuildNativeTypeToScriptingClass (13ms)
	initialDomainReloadingComplete (73ms)
	LoadAllAssembliesAndSetupDomain (791ms)
		LoadAssemblies (667ms)
		RebuildTransferFunctionScriptingTraits (0ms)
		AnalyzeDomain (293ms)
			TypeCache.Refresh (265ms)
				TypeCache.ScanAssembly (239ms)
			ScanForSourceGeneratedMonoScriptInfo (20ms)
			ResolveRequiredComponents (7ms)
	FinalizeReload (1079ms)
		ReleaseScriptCaches (0ms)
		RebuildScriptCaches (0ms)
		SetupLoadedEditorAssemblies (886ms)
			LogAssemblyErrors (0ms)
			InitializePlatformSupportModulesInManaged (48ms)
			SetLoadedEditorAssemblies (5ms)
			RefreshPlugins (0ms)
			BeforeProcessingInitializeOnLoad (126ms)
			ProcessInitializeOnLoadAttributes (658ms)
			ProcessInitializeOnLoadMethodAttributes (27ms)
			AfterProcessingInitializeOnLoad (21ms)
			EditorAssembliesLoaded (0ms)
		ExecutionOrderSort2 (0ms)
		AwakeInstancesAfterBackupRestoration (14ms)
Launched and connected shader compiler UnityShaderCompiler.exe after 0.06 seconds
Refreshing native plugins compatible for Editor in 16.96 ms, found 3 plugins.
Preloading 0 native plugins for Editor in 0.00 ms.
Unloading 3455 Unused Serialized files (Serialized files now loaded: 0)
Unloading 48 unused Assets / (62.6 KB). Loaded Objects now: 3912.
Memory consumption went from 140.3 MB to 140.2 MB.
Total: 2.746100 ms (FindLiveObjects: 0.279600 ms CreateObjectMapping: 0.243700 ms MarkObjects: 2.126000 ms  DeleteObjects: 0.096000 ms)

AssetImportParameters requested are different than current active one (requested -> active):
  custom:container-demuxer-ogg: 62fdf1f143b41e24485cea50d1cbac27 -> 
  custom:video-codec-MediaFoundation-h265: 746d11721c4dcdbdad8f713fa42b33f4 -> 
  custom:video-decoder-ogg-theora: a1e56fd34408186e4bbccfd4996cb3dc -> 
  custom:framework-win-MediaFoundation: 216162199b28c13a410421893ffa2e32 -> 
  custom:CustomObjectIndexerAttribute: 756ad292c208cfabdd7b50bc23989ffe -> 
  custom:container-demuxer-webm: 4f35f7cbe854078d1ac9338744f61a02 -> 
  custom:container-muxer-webm: aa71ff27fc2769a1b78a27578f13a17b -> 
  custom:video-decoder-webm-vp8: 9c59270c3fd7afecdb556c50c9e8de78 -> 
  custom:SearchIndexIgnoredProperties: e643bd26f0fe6173181afceb89e7c659 -> 
  custom:AudioImporter_EditorPlatform: d09bf68614088b80899f8185d706f6e7 -> 
  custom:video-encoder-webm-vp8: eb34c28f22e8b96e1ab97ce403110664 -> 
  custom:audio-decoder-ogg-vorbis: bf7c407c2cedff20999df2af8eb42d56 -> 
  custom:audio-encoder-webm-vorbis: bf7c407c2cedff20999df2af8eb42d56 -> 
========================================================================
Received Import Request.
  Time since last request: 197499.034665 seconds.
  path: Assets/Polygonal Metalon/FBX/Polygonal Metalon@Stab Attack.FBX
  artifactKey: Guid(86ad529a54857f24ba490579bfcc56eb) Importer(815301076,1909f56bfc062723c751e8b465ee728b)
Start importing Assets/Polygonal Metalon/FBX/Polygonal Metalon@Stab Attack.FBX using Guid(86ad529a54857f24ba490579bfcc56eb) Importer(815301076,1909f56bfc062723c751e8b465ee728b)  -> (artifact id: 'ec2e7a9afb44cc4e87bc9968835b898b') in 0.195612 seconds
Number of updated asset objects reloaded before import = 0
Number of asset objects unloaded after import = 101
========================================================================
Received Import Request.
  Time since last request: 1.287221 seconds.
  path: Assets/Polygonal Metalon/FBX/Polygonal Metalon@Strafe Left In Place.FBX
  artifactKey: Guid(93d17616636e4344ba731f98af433285) Importer(815301076,1909f56bfc062723c751e8b465ee728b)
Start importing Assets/Polygonal Metalon/FBX/Polygonal Metalon@Strafe Left In Place.FBX using Guid(93d17616636e4344ba731f98af433285) Importer(815301076,1909f56bfc062723c751e8b465ee728b)  -> (artifact id: '718a56575fa4bf0f38b12db05f2c9367') in 0.027992 seconds
Number of updated asset objects reloaded before import = 0
Number of asset objects unloaded after import = 101
========================================================================
Received Import Request.
  Time since last request: 2.150679 seconds.
  path: Assets/Polygonal Metalon/FBX/Polygonal Metalon@Strafe Left W Root.FBX
  artifactKey: Guid(d5a310ef9b4546a48a9af98fc33e1fbe) Importer(815301076,1909f56bfc062723c751e8b465ee728b)
Start importing Assets/Polygonal Metalon/FBX/Polygonal Metalon@Strafe Left W Root.FBX using Guid(d5a310ef9b4546a48a9af98fc33e1fbe) Importer(815301076,1909f56bfc062723c751e8b465ee728b)  -> (artifact id: '2513650423fd2005b07c9b06a670b70a') in 0.029451 seconds
Number of updated asset objects reloaded before import = 0
Number of asset objects unloaded after import = 101
========================================================================
Received Import Request.
  Time since last request: 24.023187 seconds.
  path: Assets/Polygonal Metalon/FBX/Polygonal Metalon@Strafe Right In Place.FBX
  artifactKey: Guid(7e312894e90a2b9499fbf7d318e0a6b8) Importer(815301076,1909f56bfc062723c751e8b465ee728b)
Start importing Assets/Polygonal Metalon/FBX/Polygonal Metalon@Strafe Right In Place.FBX using Guid(7e312894e90a2b9499fbf7d318e0a6b8) Importer(815301076,1909f56bfc062723c751e8b465ee728b)  -> (artifact id: '1c6bc0250c13f3bf82f65d2ee8733aae') in 0.028004 seconds
Number of updated asset objects reloaded before import = 0
Number of asset objects unloaded after import = 101
========================================================================
Received Import Request.
  Time since last request: 0.066430 seconds.
  path: Assets/Polygonal Metalon/FBX/Polygonal Metalon@Strafe Right W Root.FBX
  artifactKey: Guid(c0c6345aa9498424fb7a4a88b0ea4434) Importer(815301076,1909f56bfc062723c751e8b465ee728b)
Start importing Assets/Polygonal Metalon/FBX/Polygonal Metalon@Strafe Right W Root.FBX using Guid(c0c6345aa9498424fb7a4a88b0ea4434) Importer(815301076,1909f56bfc062723c751e8b465ee728b)  -> (artifact id: '0fb94463cb3ec08cb69220cfaada8a80') in 0.029016 seconds
Number of updated asset objects reloaded before import = 0
Number of asset objects unloaded after import = 101
========================================================================
Received Import Request.
  Time since last request: 13.399932 seconds.
  path: Assets/Polygonal Metalon/FBX/Polygonal Metalon@Take Damage.FBX
  artifactKey: Guid(ccf6810f56ac7b34b9cd17ada01cbda1) Importer(815301076,1909f56bfc062723c751e8b465ee728b)
Start importing Assets/Polygonal Metalon/FBX/Polygonal Metalon@Take Damage.FBX using Guid(ccf6810f56ac7b34b9cd17ada01cbda1) Importer(815301076,1909f56bfc062723c751e8b465ee728b)  -> (artifact id: '795522323bf368c557f7cb1a37a58645') in 0.026414 seconds
Number of updated asset objects reloaded before import = 0
Number of asset objects unloaded after import = 101
========================================================================
Received Import Request.
  Time since last request: 0.451800 seconds.
  path: Assets/Polygonal Metalon/FBX/Polygonal Metalon@Turn Left.FBX
  artifactKey: Guid(58a65a4056e96eb4c922672f1765209f) Importer(815301076,1909f56bfc062723c751e8b465ee728b)
Start importing Assets/Polygonal Metalon/FBX/Polygonal Metalon@Turn Left.FBX using Guid(58a65a4056e96eb4c922672f1765209f) Importer(815301076,1909f56bfc062723c751e8b465ee728b)  -> (artifact id: 'd8ba00cf98a36942521802faadad761d') in 0.030081 seconds
Number of updated asset objects reloaded before import = 0
Number of asset objects unloaded after import = 103
========================================================================
Received Import Request.
  Time since last request: 20.499908 seconds.
  path: Assets/Polygonal Metalon/FBX/Polygonal Metalon@Turn Right.FBX
  artifactKey: Guid(fc2d3265555e92f43bc57284e1444438) Importer(815301076,1909f56bfc062723c751e8b465ee728b)
Start importing Assets/Polygonal Metalon/FBX/Polygonal Metalon@Turn Right.FBX using Guid(fc2d3265555e92f43bc57284e1444438) Importer(815301076,1909f56bfc062723c751e8b465ee728b)  -> (artifact id: '9644f5f5615a3107f618ccac1764b07d') in 0.028208 seconds
Number of updated asset objects reloaded before import = 0
Number of asset objects unloaded after import = 103
========================================================================
Received Import Request.
  Time since last request: 0.543674 seconds.
  path: Assets/Polygonal Metalon/FBX/Polygonal Metalon@Walk Backward In Place.FBX
  artifactKey: Guid(505c033703351d542a5914d18cf2f36b) Importer(815301076,1909f56bfc062723c751e8b465ee728b)
Start importing Assets/Polygonal Metalon/FBX/Polygonal Metalon@Walk Backward In Place.FBX using Guid(505c033703351d542a5914d18cf2f36b) Importer(815301076,1909f56bfc062723c751e8b465ee728b)  -> (artifact id: 'e26a84816f6a6548bff05d535a7ff24e') in 0.033188 seconds
Number of updated asset objects reloaded before import = 0
Number of asset objects unloaded after import = 101
========================================================================
Received Import Request.
  Time since last request: 0.476724 seconds.
  path: Assets/Polygonal Metalon/FBX/Polygonal Metalon@Walk Backward W Root.FBX
  artifactKey: Guid(d4de8ef3201556a4fae62ee81ad36128) Importer(815301076,1909f56bfc062723c751e8b465ee728b)
Start importing Assets/Polygonal Metalon/FBX/Polygonal Metalon@Walk Backward W Root.FBX using Guid(d4de8ef3201556a4fae62ee81ad36128) Importer(815301076,1909f56bfc062723c751e8b465ee728b)  -> (artifact id: '01e90e5a3ff033c6ee8341728593e236') in 0.027471 seconds
Number of updated asset objects reloaded before import = 0
Number of asset objects unloaded after import = 101
========================================================================
Received Import Request.
  Time since last request: 0.029368 seconds.
  path: Assets/Polygonal Metalon/FBX/Polygonal Metalon@Walk Forward In Place.FBX
  artifactKey: Guid(b102accb4eb134940ba2ad7b36761f9e) Importer(815301076,1909f56bfc062723c751e8b465ee728b)
Start importing Assets/Polygonal Metalon/FBX/Polygonal Metalon@Walk Forward In Place.FBX using Guid(b102accb4eb134940ba2ad7b36761f9e) Importer(815301076,1909f56bfc062723c751e8b465ee728b)  -> (artifact id: 'ba43cf5233b5f394129fab502d72fa61') in 0.029396 seconds
Number of updated asset objects reloaded before import = 0
Number of asset objects unloaded after import = 101
========================================================================
Received Import Request.
  Time since last request: 12.757267 seconds.
  path: Assets/Polygonal Metalon/FBX/Polygonal Metalon@Walk Forward W Root.FBX
  artifactKey: Guid(8b293a3eb76e69e41adf2e2cb14ea626) Importer(815301076,1909f56bfc062723c751e8b465ee728b)
Start importing Assets/Polygonal Metalon/FBX/Polygonal Metalon@Walk Forward W Root.FBX using Guid(8b293a3eb76e69e41adf2e2cb14ea626) Importer(815301076,1909f56bfc062723c751e8b465ee728b)  -> (artifact id: '5d2aacf9dd22cca1b4e7762447a0fadb') in 0.029097 seconds
Number of updated asset objects reloaded before import = 0
Number of asset objects unloaded after import = 101
========================================================================
Received Import Request.
  Time since last request: 339.056529 seconds.
  path: Assets/Resources/Polygonal Metalon Red.prefab
  artifactKey: Guid(3817e94f62ac8d3448cede894d131914) Importer(815301076,1909f56bfc062723c751e8b465ee728b)
Start importing Assets/Resources/Polygonal Metalon Red.prefab using Guid(3817e94f62ac8d3448cede894d131914) Importer(815301076,1909f56bfc062723c751e8b465ee728b)  -> (artifact id: 'd3a78ced6e2e759b299c59ec86ab8327') in 0.029460 seconds
Number of updated asset objects reloaded before import = 0
Number of asset objects unloaded after import = 119
========================================================================
Received Import Request.
  Time since last request: 2.682190 seconds.
  path: Assets/Resources/Polygonal Metalon Red.prefab
  artifactKey: Guid(3817e94f62ac8d3448cede894d131914) Importer(815301076,1909f56bfc062723c751e8b465ee728b)
Start importing Assets/Resources/Polygonal Metalon Red.prefab using Guid(3817e94f62ac8d3448cede894d131914) Importer(815301076,1909f56bfc062723c751e8b465ee728b)  -> (artifact id: '5eb5f5b890f29fa4558c69815b74019a') in 0.021432 seconds
Number of updated asset objects reloaded before import = 0
Number of asset objects unloaded after import = 119
